<?xml version="1.0" encoding="UTF-8"?>
<!-- Generated by org.testng.reporters.JUnitXMLReporter -->
<testsuite ignored="0" hostname="DESKTOP-A4K1K6J" failures="0" tests="3" name="Command line test" time="15.619" errors="0" timestamp="2023-02-20T01:29:57 EET">
  <testcase classname="edu.IFNTUNG.bpbonline.tests.cartTests.softwareCartTests.SoftwareCartTests" name="checkItemPriceInCart" time="2.196"/>
  <testcase classname="edu.IFNTUNG.bpbonline.tests.cartTests.softwareCartTests.SoftwareCartTests" name="checkItemPriceInCart" time="2.251"/>
  <testcase classname="edu.IFNTUNG.bpbonline.tests.cartTests.softwareCartTests.SoftwareCartTests" name="checkItemPriceInCart" time="2.188"/>
</testsuite> <!-- Command line test -->
