<?xml version="1.0" encoding="UTF-8"?>
<!-- Generated by org.testng.reporters.JUnitXMLReporter -->
<testsuite ignored="0" hostname="DESKTOP-A4K1K6J" failures="0" tests="3" name="Command line test" time="32.378" errors="0" timestamp="2023-02-20T01:21:59 EET">
  <testcase classname="edu.IFNTUNG.bpbonline.tests.cartTests.hardwareCartTests.HardwareCartTests" name="checkItemPriceInCart" time="2.199"/>
  <testcase classname="edu.IFNTUNG.bpbonline.tests.cartTests.hardwareCartTests.HardwareCartTests" name="checkItemPriceInCart" time="2.174"/>
  <testcase classname="edu.IFNTUNG.bpbonline.tests.cartTests.hardwareCartTests.HardwareCartTests" name="checkItemPriceInCart" time="18.256"/>
</testsuite> <!-- Command line test -->
