<?xml version="1.0" encoding="UTF-8" ?>
<testsuite tests="3" failures="0" name="edu.IFNTUNG.bpbonline.tests.cartTests.softwareCartTests.SoftwareCartTests" time="6.637" errors="0" skipped="0">
  <properties>
[...]
</properties>
  <testcase classname="edu.IFNTUNG.bpbonline.tests.cartTests.softwareCartTests.SoftwareCartTests" name="checkItemPriceInCart" time="2.198"/>
  <testcase classname="edu.IFNTUNG.bpbonline.tests.cartTests.softwareCartTests.SoftwareCartTests" name="checkItemPriceInCart" time="2.251"/>
  <testcase classname="edu.IFNTUNG.bpbonline.tests.cartTests.softwareCartTests.SoftwareCartTests" name="checkItemPriceInCart" time="2.188"/>
</testsuite>