<?xml version="1.0" encoding="UTF-8"?>
<testng-results ignored="0" total="3" passed="3" failed="0" skipped="0">
  <reporter-output>
  </reporter-output>
  <suite started-at="2023-02-20T01:29:42 EET" name="edu.IFNTUNG.bpbonline.tests.cartTests.softwareCartTests.SoftwareCartTests" finished-at="2023-02-20T01:29:57 EET" duration-ms="15619">
    <groups>
    </groups>
    <test started-at="2023-02-20T01:29:42 EET" name="Command line test" finished-at="2023-02-20T01:29:57 EET" duration-ms="15619">
      <class name="edu.IFNTUNG.bpbonline.tests.cartTests.softwareCartTests.SoftwareCartTests">
        <test-method is-config="true" signature="setUp(java.lang.reflect.Method,java.lang.String,org.testng.ITestContext)[pri:0, instance:edu.IFNTUNG.bpbonline.tests.cartTests.softwareCartTests.SoftwareCartTests@548a102f]" started-at="2023-02-20T01:29:42 EET" name="setUp" finished-at="2023-02-20T01:29:46 EET" duration-ms="4156" status="PASS">
          <params>
            <param index="0">
              <value>
                <![CDATA[public void edu.IFNTUNG.bpbonline.tests.cartTests.softwareCartTests.SoftwareCartTests.checkItemPriceInCart(java.util.Map)]]>
              </value>
            </param>
            <param index="1">
              <value>
                <![CDATA[chrome]]>
              </value>
            </param>
            <param index="2">
              <value>
                <![CDATA[org.testng.TestRunner@5af5d76f]]>
              </value>
            </param>
          </params>
          <reporter-output>
          </reporter-output>
        </test-method> <!-- setUp -->
        <test-method signature="checkItemPriceInCart(java.util.Map)[pri:0, instance:edu.IFNTUNG.bpbonline.tests.cartTests.softwareCartTests.SoftwareCartTests@548a102f]" started-at="2023-02-20T01:29:46 EET" name="checkItemPriceInCart" data-provider="csvReader" finished-at="2023-02-20T01:29:48 EET" duration-ms="2196" status="PASS">
          <params>
            <param index="0">
              <value>
                <![CDATA[{number=1, itemCount=2}]]>
              </value>
            </param>
          </params>
          <reporter-output>
          </reporter-output>
        </test-method> <!-- checkItemPriceInCart -->
        <test-method is-config="true" signature="tearDown()[pri:0, instance:edu.IFNTUNG.bpbonline.tests.cartTests.softwareCartTests.SoftwareCartTests@548a102f]" started-at="2023-02-20T01:29:48 EET" name="tearDown" finished-at="2023-02-20T01:29:48 EET" duration-ms="148" status="PASS">
          <reporter-output>
          </reporter-output>
        </test-method> <!-- tearDown -->
        <test-method is-config="true" signature="setUp(java.lang.reflect.Method,java.lang.String,org.testng.ITestContext)[pri:0, instance:edu.IFNTUNG.bpbonline.tests.cartTests.softwareCartTests.SoftwareCartTests@548a102f]" started-at="2023-02-20T01:29:48 EET" name="setUp" finished-at="2023-02-20T01:29:50 EET" duration-ms="2154" status="PASS">
          <params>
            <param index="0">
              <value>
                <![CDATA[public void edu.IFNTUNG.bpbonline.tests.cartTests.softwareCartTests.SoftwareCartTests.checkItemPriceInCart(java.util.Map)]]>
              </value>
            </param>
            <param index="1">
              <value>
                <![CDATA[chrome]]>
              </value>
            </param>
            <param index="2">
              <value>
                <![CDATA[org.testng.TestRunner@5af5d76f]]>
              </value>
            </param>
          </params>
          <reporter-output>
          </reporter-output>
        </test-method> <!-- setUp -->
        <test-method signature="checkItemPriceInCart(java.util.Map)[pri:0, instance:edu.IFNTUNG.bpbonline.tests.cartTests.softwareCartTests.SoftwareCartTests@548a102f]" started-at="2023-02-20T01:29:50 EET" name="checkItemPriceInCart" data-provider="csvReader" finished-at="2023-02-20T01:29:53 EET" duration-ms="2251" status="PASS">
          <params>
            <param index="0">
              <value>
                <![CDATA[{number=2, itemCount=3}]]>
              </value>
            </param>
          </params>
          <reporter-output>
          </reporter-output>
        </test-method> <!-- checkItemPriceInCart -->
        <test-method is-config="true" signature="tearDown()[pri:0, instance:edu.IFNTUNG.bpbonline.tests.cartTests.softwareCartTests.SoftwareCartTests@548a102f]" started-at="2023-02-20T01:29:53 EET" name="tearDown" finished-at="2023-02-20T01:29:53 EET" duration-ms="184" status="PASS">
          <reporter-output>
          </reporter-output>
        </test-method> <!-- tearDown -->
        <test-method is-config="true" signature="setUp(java.lang.reflect.Method,java.lang.String,org.testng.ITestContext)[pri:0, instance:edu.IFNTUNG.bpbonline.tests.cartTests.softwareCartTests.SoftwareCartTests@548a102f]" started-at="2023-02-20T01:29:53 EET" name="setUp" finished-at="2023-02-20T01:29:55 EET" duration-ms="2151" status="PASS">
          <params>
            <param index="0">
              <value>
                <![CDATA[public void edu.IFNTUNG.bpbonline.tests.cartTests.softwareCartTests.SoftwareCartTests.checkItemPriceInCart(java.util.Map)]]>
              </value>
            </param>
            <param index="1">
              <value>
                <![CDATA[chrome]]>
              </value>
            </param>
            <param index="2">
              <value>
                <![CDATA[org.testng.TestRunner@5af5d76f]]>
              </value>
            </param>
          </params>
          <reporter-output>
          </reporter-output>
        </test-method> <!-- setUp -->
        <test-method signature="checkItemPriceInCart(java.util.Map)[pri:0, instance:edu.IFNTUNG.bpbonline.tests.cartTests.softwareCartTests.SoftwareCartTests@548a102f]" started-at="2023-02-20T01:29:55 EET" name="checkItemPriceInCart" data-provider="csvReader" finished-at="2023-02-20T01:29:57 EET" duration-ms="2188" status="PASS">
          <params>
            <param index="0">
              <value>
                <![CDATA[{number=3, itemCount=4}]]>
              </value>
            </param>
          </params>
          <reporter-output>
          </reporter-output>
        </test-method> <!-- checkItemPriceInCart -->
        <test-method is-config="true" signature="tearDown()[pri:0, instance:edu.IFNTUNG.bpbonline.tests.cartTests.softwareCartTests.SoftwareCartTests@548a102f]" started-at="2023-02-20T01:29:57 EET" name="tearDown" finished-at="2023-02-20T01:29:57 EET" duration-ms="121" status="PASS">
          <reporter-output>
          </reporter-output>
        </test-method> <!-- tearDown -->
      </class> <!-- edu.IFNTUNG.bpbonline.tests.cartTests.softwareCartTests.SoftwareCartTests -->
    </test> <!-- Command line test -->
  </suite> <!-- edu.IFNTUNG.bpbonline.tests.cartTests.softwareCartTests.SoftwareCartTests -->
</testng-results>
